<?xml version="1.0" encoding="UTF-8"?>
<!-- Generated by org.testng.reporters.JUnitReportReporter -->
<testsuite skipped="0" hostname="UmaSundar" name="com.Zipzap.UIMapLoginTest" tests="1" failures="0" timestamp="12 Mar 2018 04:28:38 GMT" time="5.300" errors="0">
  <testcase name="login" time="5.300" classname="com.Zipzap.UIMapLoginTest"/>
</testsuite> <!-- com.Zipzap.UIMapLoginTest -->
