<?xml version="1.0" encoding="UTF-8"?>
<!-- Generated by org.testng.reporters.JUnitReportReporter -->
<testsuite skipped="0" hostname="UmaSundar" name="com.Zipzap.TestmainClass" tests="1" failures="0" timestamp="09 Mar 2018 22:02:25 GMT" time="39.673" errors="0">
  <testcase name="setUp" time="39.673" classname="com.Zipzap.TestmainClass"/>
</testsuite> <!-- com.Zipzap.TestmainClass -->
