<?xml version="1.0" encoding="UTF-8"?>
<!-- Generated by org.testng.reporters.JUnitReportReporter -->
<testsuite skipped="0" hostname="UmaSundar" name="com.Zipzap.FirstClass" tests="1" failures="0" timestamp="08 Mar 2018 16:08:01 GMT" time="17.623" errors="0">
  <testcase name="FirstTest" time="17.623" classname="com.Zipzap.FirstClass"/>
</testsuite> <!-- com.Zipzap.FirstClass -->
