<?xml version="1.0" encoding="UTF-8"?>
<!-- Generated by org.testng.reporters.JUnitReportReporter -->
<testsuite skipped="0" hostname="UmaSundar" name="com.Zipzap.UIMapLoginTest" tests="1" failures="0" timestamp="11 Mar 2018 07:48:02 GMT" time="5.512" errors="0">
  <testcase name="login" time="5.512" classname="com.Zipzap.UIMapLoginTest"/>
</testsuite> <!-- com.Zipzap.UIMapLoginTest -->
